<?xml version="1.0" encoding="UTF-8" ?>
<testsuite tests="9" failures="0" name="za.co.wethinkcode.robotworlds.ClientTests.MessageProtocol.MessageProtocolTest" time="0.012" errors="0" skipped="0">
  <properties>
[...]
</properties>
  <testcase classname="za.co.wethinkcode.robotworlds.ClientTests.MessageProtocol.MessageProtocolTest" name="TestMineRequest" time="0.01"/>
  <testcase classname="za.co.wethinkcode.robotworlds.ClientTests.MessageProtocol.MessageProtocolTest" name="TestLookRequest" time="0"/>
  <testcase classname="za.co.wethinkcode.robotworlds.ClientTests.MessageProtocol.MessageProtocolTest" name="TestReloadRequest" time="0"/>
  <testcase classname="za.co.wethinkcode.robotworlds.ClientTests.MessageProtocol.MessageProtocolTest" name="TestBackMovement" time="0"/>
  <testcase classname="za.co.wethinkcode.robotworlds.ClientTests.MessageProtocol.MessageProtocolTest" name="TestForwardMovement" time="0"/>
  <testcase classname="za.co.wethinkcode.robotworlds.ClientTests.MessageProtocol.MessageProtocolTest" name="TestRepairRequest" time="0"/>
  <testcase classname="za.co.wethinkcode.robotworlds.ClientTests.MessageProtocol.MessageProtocolTest" name="TestTurnRequest" time="0"/>
  <testcase classname="za.co.wethinkcode.robotworlds.ClientTests.MessageProtocol.MessageProtocolTest" name="TestLaunchRequest" time="0.002"/>
  <testcase classname="za.co.wethinkcode.robotworlds.ClientTests.MessageProtocol.MessageProtocolTest" name="TestStateRequest" time="0"/>
</testsuite>