<?xml version="1.0" encoding="UTF-8" ?>
<testsuite tests="7" failures="0" name="za.co.wethinkcode.robotworlds.TODOserver.Command.ActionsTest" time="29.063" errors="0" skipped="0">
  <properties>
[...]
</properties>
  <testcase classname="za.co.wethinkcode.robotworlds.TODOserver.Command.ActionsTest" name="TestMineCommand" time="7.038"/>
  <testcase classname="za.co.wethinkcode.robotworlds.TODOserver.Command.ActionsTest" name="TestRepairCommandExecute" time="5.003"/>
  <testcase classname="za.co.wethinkcode.robotworlds.TODOserver.Command.ActionsTest" name="TestFireCheckShotHitFalse" time="0"/>
  <testcase classname="za.co.wethinkcode.robotworlds.TODOserver.Command.ActionsTest" name="TestReloadCommand" time="5.013"/>
  <testcase classname="za.co.wethinkcode.robotworlds.TODOserver.Command.ActionsTest" name="TestFireCheckShotHitTrue" time="0"/>
  <testcase classname="za.co.wethinkcode.robotworlds.TODOserver.Command.ActionsTest" name="TestReloadCommandExecute" time="5.005"/>
  <testcase classname="za.co.wethinkcode.robotworlds.TODOserver.Command.ActionsTest" name="TestMineCommandExecute" time="7.004"/>
</testsuite>